<?xml version="1.0" encoding="UTF-8"?>
<testsuite xmlns:xsi="http://www.w3.org/2001/XMLSchema-instance" xsi:noNamespaceSchemaLocation="https://maven.apache.org/surefire/maven-surefire-plugin/xsd/surefire-test-report-3.0.xsd" version="3.0" name="com.yourname.zerotrust.controller.AuthControllerIntegrationTest" time="5.955" tests="3" errors="0" skipped="0" failures="0">
  <properties>
[...]
</properties>
  <testcase name="register_createsUser" classname="com.yourname.zerotrust.controller.AuthControllerIntegrationTest" time="0.662">
    <system-out><![CDATA[2026-06-13T12:08:46.968+05:00  INFO 25240 --- [           main] t.c.s.AnnotationConfigContextLoaderUtils : Could not detect default configuration classes for test class [com.yourname.zerotrust.controller.AuthControllerIntegrationTest]: AuthControllerIntegrationTest does not declare any static, non-private, non-final, nested classes annotated with @Configuration.
2026-06-13T12:08:47.043+05:00  INFO 25240 --- [           main] .b.t.c.SpringBootTestContextBootstrapper : Found @SpringBootConfiguration com.yourname.zerotrust.ZerotrustApplication for test class com.yourname.zerotrust.controller.AuthControllerIntegrationTest

  .   ____          _            __ _ _
 /\\ / ___'_ __ _ _(_)_ __  __ _ \ \ \ \
( ( )\___ | '_ | '_| | '_ \/ _` | \ \ \ \
 \\/  ___)| |_)| | | | | || (_| |  ) ) ) )
  '  |____| .__|_| |_|_| |_\__, | / / / /
 =========|_|==============|___/=/_/_/_/
 :: Spring Boot ::                (v3.2.0)

2026-06-13T12:08:47.186+05:00  INFO 25240 --- [           main] c.y.z.c.AuthControllerIntegrationTest    : Starting AuthControllerIntegrationTest using Java 17.0.12 with PID 25240 (started by Faizanb in F:\Desktop\Projects\Extras\ZTNA\backend)
2026-06-13T12:08:47.188+05:00  INFO 25240 --- [           main] c.y.z.c.AuthControllerIntegrationTest    : The following 1 profile is active: "test"
2026-06-13T12:08:48.290+05:00  INFO 25240 --- [           main] .s.d.r.c.RepositoryConfigurationDelegate : Bootstrapping Spring Data JPA repositories in DEFAULT mode.
2026-06-13T12:08:48.445+05:00  INFO 25240 --- [           main] .s.d.r.c.RepositoryConfigurationDelegate : Finished Spring Data repository scanning in 154 ms. Found 8 JPA repository interfaces.
2026-06-13T12:08:48.929+05:00  INFO 25240 --- [           main] o.hibernate.jpa.internal.util.LogHelper  : HHH000204: Processing PersistenceUnitInfo [name: default]
2026-06-13T12:08:48.937+05:00  INFO 25240 --- [           main] o.h.c.internal.RegionFactoryInitiator    : HHH000026: Second-level cache disabled
2026-06-13T12:08:48.960+05:00  INFO 25240 --- [           main] o.s.o.j.p.SpringPersistenceUnitInfo      : No LoadTimeWeaver setup: ignoring JPA class transformer
2026-06-13T12:08:48.964+05:00  INFO 25240 --- [           main] com.zaxxer.hikari.HikariDataSource       : HikariPool-2 - Starting...
2026-06-13T12:08:48.966+05:00  INFO 25240 --- [           main] com.zaxxer.hikari.pool.HikariPool        : HikariPool-2 - Added connection conn10: url=jdbc:h2:mem:zerotrust_test user=SA
2026-06-13T12:08:48.966+05:00  INFO 25240 --- [           main] com.zaxxer.hikari.HikariDataSource       : HikariPool-2 - Start completed.
2026-06-13T12:08:49.569+05:00  INFO 25240 --- [           main] o.h.e.t.j.p.i.JtaPlatformInitiator       : HHH000489: No JTA platform available (set 'hibernate.transaction.jta.platform' to enable JTA platform integration)
2026-06-13T12:08:49.609+05:00  INFO 25240 --- [           main] j.LocalContainerEntityManagerFactoryBean : Initialized JPA EntityManagerFactory for persistence unit 'default'
2026-06-13T12:08:50.537+05:00  WARN 25240 --- [           main] JpaBaseConfiguration$JpaWebConfiguration : spring.jpa.open-in-view is enabled by default. Therefore, database queries may be performed during view rendering. Explicitly configure spring.jpa.open-in-view to disable this warning
2026-06-13T12:08:50.614+05:00  WARN 25240 --- [           main] .s.s.UserDetailsServiceAutoConfiguration : 

Using generated security password: bc02357e-90a6-4f10-99d7-30f4324ce1fb

This generated password is for development use only. Your security configuration must be updated before running your application in production.

2026-06-13T12:08:51.019+05:00  INFO 25240 --- [           main] o.s.s.web.DefaultSecurityFilterChain     : Will secure any request with [org.springframework.security.web.session.DisableEncodeUrlFilter@4917a741, org.springframework.security.web.context.request.async.WebAsyncManagerIntegrationFilter@524911cd, org.springframework.security.web.context.SecurityContextHolderFilter@57202722, org.springframework.security.web.header.HeaderWriterFilter@381c78ea, org.springframework.web.filter.CorsFilter@1fb029e, org.springframework.security.web.authentication.logout.LogoutFilter@21975a54, com.yourname.zerotrust.security.JwtAuthenticationFilter@38f9b6cd, org.springframework.security.web.savedrequest.RequestCacheAwareFilter@7bc342f6, org.springframework.security.web.servletapi.SecurityContextHolderAwareRequestFilter@20c3be4c, org.springframework.security.web.authentication.AnonymousAuthenticationFilter@8a37c6a, org.springframework.security.web.session.SessionManagementFilter@2baf9c62, org.springframework.security.web.access.ExceptionTranslationFilter@75cb2090, org.springframework.security.web.access.intercept.AuthorizationFilter@7dae9ff4]
2026-06-13T12:08:51.497+05:00  INFO 25240 --- [           main] o.s.b.t.m.w.SpringBootMockServletContext : Initializing Spring TestDispatcherServlet ''
2026-06-13T12:08:51.497+05:00  INFO 25240 --- [           main] o.s.t.web.servlet.TestDispatcherServlet  : Initializing Servlet ''
2026-06-13T12:08:51.497+05:00  INFO 25240 --- [           main] o.s.t.web.servlet.TestDispatcherServlet  : Completed initialization in 0 ms
2026-06-13T12:08:51.517+05:00  INFO 25240 --- [           main] c.y.z.c.AuthControllerIntegrationTest    : Started AuthControllerIntegrationTest in 4.462 seconds (process running for 21.679)
]]></system-out>
  </testcase>
  <testcase name="login_withInvalidCredentials_returns401" classname="com.yourname.zerotrust.controller.AuthControllerIntegrationTest" time="0.288"/>
  <testcase name="login_withValidCredentials_returnsTokens" classname="com.yourname.zerotrust.controller.AuthControllerIntegrationTest" time="0.46"/>
</testsuite>>
</testsuite>