<?xml version="1.0" encoding="UTF-8"?>
<testsuite xmlns:xsi="http://www.w3.org/2001/XMLSchema-instance" xsi:noNamespaceSchemaLocation="https://maven.apache.org/surefire/maven-surefire-plugin/xsd/surefire-test-report-3.0.xsd" version="3.0" name="com.yourname.zerotrust.attack.AttackServiceTest" time="15.979" tests="1" errors="0" skipped="0" failures="0">
  <properties>
[...]
</properties>
  <testcase name="privilegeEscalation_detectsUnauthorizedAdminAccess" classname="com.yourname.zerotrust.attack.AttackServiceTest" time="2.142">
    <system-out><![CDATA[12:08:31.392 [main] INFO org.springframework.test.context.support.AnnotationConfigContextLoaderUtils -- Could not detect default configuration classes for test class [com.yourname.zerotrust.attack.AttackServiceTest]: AttackServiceTest does not declare any static, non-private, non-final, nested classes annotated with @Configuration.
12:08:31.633 [main] INFO org.springframework.boot.test.context.SpringBootTestContextBootstrapper -- Found @SpringBootConfiguration com.yourname.zerotrust.ZerotrustApplication for test class com.yourname.zerotrust.attack.AttackServiceTest

  .   ____          _            __ _ _
 /\\ / ___'_ __ _ _(_)_ __  __ _ \ \ \ \
( ( )\___ | '_ | '_| | '_ \/ _` | \ \ \ \
 \\/  ___)| |_)| | | | | || (_| |  ) ) ) )
  '  |____| .__|_| |_|_| |_\__, | / / / /
 =========|_|==============|___/=/_/_/_/
 :: Spring Boot ::                (v3.2.0)

2026-06-13T12:08:32.619+05:00  INFO 25240 --- [           main] c.y.zerotrust.attack.AttackServiceTest   : Starting AttackServiceTest using Java 17.0.12 with PID 25240 (started by Faizanb in F:\Desktop\Projects\Extras\ZTNA\backend)
2026-06-13T12:08:32.621+05:00  INFO 25240 --- [           main] c.y.zerotrust.attack.AttackServiceTest   : The following 1 profile is active: "test"
2026-06-13T12:08:34.917+05:00  INFO 25240 --- [           main] .s.d.r.c.RepositoryConfigurationDelegate : Bootstrapping Spring Data JPA repositories in DEFAULT mode.
2026-06-13T12:08:35.209+05:00  INFO 25240 --- [           main] .s.d.r.c.RepositoryConfigurationDelegate : Finished Spring Data repository scanning in 268 ms. Found 8 JPA repository interfaces.
2026-06-13T12:08:36.644+05:00  INFO 25240 --- [           main] o.hibernate.jpa.internal.util.LogHelper  : HHH000204: Processing PersistenceUnitInfo [name: default]
2026-06-13T12:08:36.845+05:00  INFO 25240 --- [           main] org.hibernate.Version                    : HHH000412: Hibernate ORM core version 6.3.1.Final
2026-06-13T12:08:36.974+05:00  INFO 25240 --- [           main] o.h.c.internal.RegionFactoryInitiator    : HHH000026: Second-level cache disabled
2026-06-13T12:08:37.657+05:00  INFO 25240 --- [           main] o.s.o.j.p.SpringPersistenceUnitInfo      : No LoadTimeWeaver setup: ignoring JPA class transformer
2026-06-13T12:08:37.751+05:00  INFO 25240 --- [           main] com.zaxxer.hikari.HikariDataSource       : HikariPool-1 - Starting...
2026-06-13T12:08:38.157+05:00  INFO 25240 --- [           main] com.zaxxer.hikari.pool.HikariPool        : HikariPool-1 - Added connection conn0: url=jdbc:h2:mem:zerotrust_test user=SA
2026-06-13T12:08:38.160+05:00  INFO 25240 --- [           main] com.zaxxer.hikari.HikariDataSource       : HikariPool-1 - Start completed.
2026-06-13T12:08:39.579+05:00  INFO 25240 --- [           main] o.h.e.t.j.p.i.JtaPlatformInitiator       : HHH000489: No JTA platform available (set 'hibernate.transaction.jta.platform' to enable JTA platform integration)
2026-06-13T12:08:39.657+05:00  INFO 25240 --- [           main] j.LocalContainerEntityManagerFactoryBean : Initialized JPA EntityManagerFactory for persistence unit 'default'
2026-06-13T12:08:42.302+05:00  WARN 25240 --- [           main] JpaBaseConfiguration$JpaWebConfiguration : spring.jpa.open-in-view is enabled by default. Therefore, database queries may be performed during view rendering. Explicitly configure spring.jpa.open-in-view to disable this warning
2026-06-13T12:08:42.373+05:00  WARN 25240 --- [           main] .s.s.UserDetailsServiceAutoConfiguration : 

Using generated security password: e4b90303-ac2d-485c-bedd-cbd8ef418967

This generated password is for development use only. Your security configuration must be updated before running your application in production.

2026-06-13T12:08:43.574+05:00  INFO 25240 --- [           main] o.s.s.web.DefaultSecurityFilterChain     : Will secure any request with [org.springframework.security.web.session.DisableEncodeUrlFilter@7510824, org.springframework.security.web.context.request.async.WebAsyncManagerIntegrationFilter@7ed6e557, org.springframework.security.web.context.SecurityContextHolderFilter@48463900, org.springframework.security.web.header.HeaderWriterFilter@6d0cc47d, org.springframework.web.filter.CorsFilter@766ab25b, org.springframework.security.web.authentication.logout.LogoutFilter@674b9b85, com.yourname.zerotrust.security.JwtAuthenticationFilter@5e3a5f0c, org.springframework.security.web.savedrequest.RequestCacheAwareFilter@7c070e78, org.springframework.security.web.servletapi.SecurityContextHolderAwareRequestFilter@63ead376, org.springframework.security.web.authentication.AnonymousAuthenticationFilter@735d7b99, org.springframework.security.web.session.SessionManagementFilter@7c7d83ff, org.springframework.security.web.access.ExceptionTranslationFilter@f6b128b, org.springframework.security.web.access.intercept.AuthorizationFilter@4be6531a]
2026-06-13T12:08:44.751+05:00  INFO 25240 --- [           main] c.y.zerotrust.attack.AttackServiceTest   : Started AttackServiceTest in 12.833 seconds (process running for 14.906)
]]></system-out>
  </testcase>
</testsuite>main] c.y.zerotrust.attack.AttackServiceTest   : Started AttackServiceTest in 12.787 seconds (process running for 15.206)
]]></system-out>
  </testcase>
</testsuite>